2018-05-07 11:19:05,583 [restartedMain] INFO  com.xqg.Application - Starting Application on HanxiaojiedeMacBook-Air.local with PID 9002 (/Users/hanxiaojie/Documents/GitHub/honglj/target/classes started by hanxiaojie in /Users/hanxiaojie/Documents/GitHub/honglj)
2018-05-07 11:19:05,605 [restartedMain] DEBUG com.xqg.Application - Running with Spring Boot v1.5.9.RELEASE, Spring v4.3.13.RELEASE
2018-05-07 11:19:05,605 [restartedMain] INFO  com.xqg.Application - The following profiles are active: dev
2018-05-07 11:19:07,337 [restartedMain] INFO  o.s.boot.context.embedded.AnnotationConfigEmbeddedWebApplicationContext - Refreshing org.springframework.boot.context.embedded.AnnotationConfigEmbeddedWebApplicationContext@4cf1c842: startup date [Mon May 07 11:19:07 CST 2018]; root of context hierarchy
2018-05-07 11:19:08,877 [restartedMain] WARN  org.mybatis.spring.mapper.ClassPathMapperScanner - No MyBatis mapper was found in '[com.xqg.mapper.*]' package. Please check your configuration.
2018-05-07 11:19:10,296 [restartedMain] INFO  o.s.context.support.PostProcessorRegistrationDelegate$BeanPostProcessorChecker - Bean 'validateConfig' of type [com.xqg.config.validate.ValidateConfig$$EnhancerBySpringCGLIB$$35ddf8ce] is not eligible for getting processed by all BeanPostProcessors (for example: not eligible for auto-proxying)
2018-05-07 11:19:12,483 [restartedMain] INFO  org.springframework.boot.context.embedded.tomcat.TomcatEmbeddedServletContainer - Tomcat initialized with port(s): 8098 (http)
2018-05-07 11:19:12,670 [localhost-startStop-1] INFO  org.springframework.web.context.ContextLoader - Root WebApplicationContext: initialization completed in 5333 ms
2018-05-07 11:19:13,114 [localhost-startStop-1] INFO  org.springframework.boot.web.servlet.ServletRegistrationBean - Mapping servlet: 'dispatcherServlet' to [/]
2018-05-07 11:19:13,126 [localhost-startStop-1] INFO  org.springframework.boot.web.servlet.FilterRegistrationBean - Mapping filter: 'characterEncodingFilter' to: [/*]
2018-05-07 11:19:13,127 [localhost-startStop-1] INFO  org.springframework.boot.web.servlet.FilterRegistrationBean - Mapping filter: 'hiddenHttpMethodFilter' to: [/*]
2018-05-07 11:19:13,128 [localhost-startStop-1] INFO  org.springframework.boot.web.servlet.FilterRegistrationBean - Mapping filter: 'httpPutFormContentFilter' to: [/*]
2018-05-07 11:19:13,128 [localhost-startStop-1] INFO  org.springframework.boot.web.servlet.FilterRegistrationBean - Mapping filter: 'requestContextFilter' to: [/*]
2018-05-07 11:19:16,880 [restartedMain] INFO  o.springframework.web.servlet.mvc.method.annotation.RequestMappingHandlerAdapter - Looking for @ControllerAdvice: org.springframework.boot.context.embedded.AnnotationConfigEmbeddedWebApplicationContext@4cf1c842: startup date [Mon May 07 11:19:07 CST 2018]; root of context hierarchy
2018-05-07 11:19:17,209 [restartedMain] INFO  o.springframework.web.servlet.mvc.method.annotation.RequestMappingHandlerMapping - Mapped "{[/delicacy/getDelicacy]}" onto public java.util.Map<java.lang.String, java.lang.Object> com.xqg.controller.DelicacyController.getDelicacy()
2018-05-07 11:19:17,224 [restartedMain] INFO  o.springframework.web.servlet.mvc.method.annotation.RequestMappingHandlerMapping - Mapped "{[/delicacy/addDelicacy]}" onto public java.util.Map<java.lang.String, java.lang.Object> com.xqg.controller.DelicacyController.addDelicacy(java.lang.Integer,java.lang.String,java.lang.String)
2018-05-07 11:19:17,226 [restartedMain] INFO  o.springframework.web.servlet.mvc.method.annotation.RequestMappingHandlerMapping - Mapped "{[/delicacy/deleteDelicacy]}" onto public java.util.Map<java.lang.String, java.lang.Object> com.xqg.controller.DelicacyController.deleteDelicacy(java.lang.Integer,java.lang.Integer)
2018-05-07 11:19:17,228 [restartedMain] INFO  o.springframework.web.servlet.mvc.method.annotation.RequestMappingHandlerMapping - Mapped "{[/delicacy/alterDelicacy]}" onto public java.util.Map<java.lang.String, java.lang.Object> com.xqg.controller.DelicacyController.alterDelicacy(java.lang.Integer,java.lang.Integer,java.lang.String,java.lang.String)
2018-05-07 11:19:17,242 [restartedMain] INFO  o.springframework.web.servlet.mvc.method.annotation.RequestMappingHandlerMapping - Mapped "{[/news/alterNews]}" onto public java.util.Map<java.lang.String, java.lang.Object> com.xqg.controller.NewsListController.addNews(java.lang.Integer,java.lang.String,java.lang.String)
2018-05-07 11:19:17,253 [restartedMain] INFO  o.springframework.web.servlet.mvc.method.annotation.RequestMappingHandlerMapping - Mapped "{[/news/addNews]}" onto public java.util.Map<java.lang.String, java.lang.Object> com.xqg.controller.NewsListController.addNews(java.lang.String,java.lang.String)
2018-05-07 11:19:17,258 [restartedMain] INFO  o.springframework.web.servlet.mvc.method.annotation.RequestMappingHandlerMapping - Mapped "{[/news/getNewsList]}" onto public java.util.Map<java.lang.String, java.lang.Object> com.xqg.controller.NewsListController.login(java.lang.Integer,java.lang.Integer)
2018-05-07 11:19:17,259 [restartedMain] INFO  o.springframework.web.servlet.mvc.method.annotation.RequestMappingHandlerMapping - Mapped "{[/news/deleteNews]}" onto public java.util.Map<java.lang.String, java.lang.Object> com.xqg.controller.NewsListController.deleteNews(java.lang.Integer)
2018-05-07 11:19:17,289 [restartedMain] INFO  o.springframework.web.servlet.mvc.method.annotation.RequestMappingHandlerMapping - Mapped "{[/user/register]}" onto public java.util.Map<java.lang.String, java.lang.Object> com.xqg.controller.UserController.register(java.lang.String,java.lang.String,java.lang.String)
2018-05-07 11:19:17,291 [restartedMain] INFO  o.springframework.web.servlet.mvc.method.annotation.RequestMappingHandlerMapping - Mapped "{[/user/login]}" onto public java.util.Map<java.lang.String, java.lang.Object> com.xqg.controller.UserController.login(java.lang.String,java.lang.String)
2018-05-07 11:19:17,292 [restartedMain] INFO  o.springframework.web.servlet.mvc.method.annotation.RequestMappingHandlerMapping - Mapped "{[/user/alterPassword]}" onto public java.util.Map<java.lang.String, java.lang.Object> com.xqg.controller.UserController.alterPassword(java.lang.String,java.lang.String,java.lang.String)
2018-05-07 11:19:17,293 [restartedMain] INFO  o.springframework.web.servlet.mvc.method.annotation.RequestMappingHandlerMapping - Mapped "{[/user/getVerificationCode]}" onto public java.util.Map<java.lang.String, java.lang.Object> com.xqg.controller.UserController.getVerificationCode(java.lang.Integer)
2018-05-07 11:19:17,296 [restartedMain] INFO  o.springframework.web.servlet.mvc.method.annotation.RequestMappingHandlerMapping - Mapped "{[/userInfo/alterUserInfo]}" onto public java.util.Map<java.lang.String, java.lang.Object> com.xqg.controller.UserInfoController.alterUserInfo(java.lang.Integer,java.lang.String,java.lang.Integer,java.lang.String,java.lang.String,java.lang.String)
2018-05-07 11:19:17,297 [restartedMain] INFO  o.springframework.web.servlet.mvc.method.annotation.RequestMappingHandlerMapping - Mapped "{[/userInfo/followUser]}" onto public java.util.Map<java.lang.String, java.lang.Object> com.xqg.controller.UserInfoController.followUser(java.lang.Integer,java.lang.Integer,java.lang.Integer)
2018-05-07 11:19:17,312 [restartedMain] INFO  o.springframework.web.servlet.mvc.method.annotation.RequestMappingHandlerMapping - Mapped "{[/video/getRecommendVideoList]}" onto public java.util.Map<java.lang.String, java.lang.Object> com.xqg.controller.VideoListController.getRecommendVideoList(java.lang.Integer)
2018-05-07 11:19:17,313 [restartedMain] INFO  o.springframework.web.servlet.mvc.method.annotation.RequestMappingHandlerMapping - Mapped "{[/video/getHotVideoList]}" onto public java.util.Map<java.lang.String, java.lang.Object> com.xqg.controller.VideoListController.getHotVideoList(java.lang.Integer)
2018-05-07 11:19:17,314 [restartedMain] INFO  o.springframework.web.servlet.mvc.method.annotation.RequestMappingHandlerMapping - Mapped "{[/video/getMyVideoList]}" onto public java.util.Map<java.lang.String, java.lang.Object> com.xqg.controller.VideoListController.getMyVideoList(java.lang.Integer,java.lang.Integer)
2018-05-07 11:19:17,316 [restartedMain] INFO  o.springframework.web.servlet.mvc.method.annotation.RequestMappingHandlerMapping - Mapped "{[/video/getFavoriteVideoList]}" onto public java.util.Map<java.lang.String, java.lang.Object> com.xqg.controller.VideoListController.getFavoriteVideoList(java.lang.Integer,java.lang.Integer)
2018-05-07 11:19:17,319 [restartedMain] INFO  o.springframework.web.servlet.mvc.method.annotation.RequestMappingHandlerMapping - Mapped "{[/video/uploadVideo]}" onto public java.util.Map<java.lang.String, java.lang.Object> com.xqg.controller.VideoListController.uploadVideo(java.lang.Integer,java.lang.String,java.lang.String,java.lang.String,java.lang.String)
2018-05-07 11:19:17,320 [restartedMain] INFO  o.springframework.web.servlet.mvc.method.annotation.RequestMappingHandlerMapping - Mapped "{[/video/deleteVideo]}" onto public java.util.Map<java.lang.String, java.lang.Object> com.xqg.controller.VideoListController.deleteVideo(java.lang.Integer,java.lang.Integer)
2018-05-07 11:19:17,321 [restartedMain] INFO  o.springframework.web.servlet.mvc.method.annotation.RequestMappingHandlerMapping - Mapped "{[/video/alterVideo]}" onto public java.util.Map<java.lang.String, java.lang.Object> com.xqg.controller.VideoListController.alterVideo(java.lang.Integer,java.lang.Integer,java.lang.String,java.lang.String,java.lang.String)
2018-05-07 11:19:17,322 [restartedMain] INFO  o.springframework.web.servlet.mvc.method.annotation.RequestMappingHandlerMapping - Mapped "{[/video/auditVideo]}" onto public java.util.Map<java.lang.String, java.lang.Object> com.xqg.controller.VideoListController.auditVideo(java.lang.Integer,java.lang.Integer,java.lang.Integer,java.lang.Integer)
2018-05-07 11:19:17,323 [restartedMain] INFO  o.springframework.web.servlet.mvc.method.annotation.RequestMappingHandlerMapping - Mapped "{[/video/praiseVideo]}" onto public java.util.Map<java.lang.String, java.lang.Object> com.xqg.controller.VideoListController.praiseVideo(java.lang.Integer,java.lang.Integer,java.lang.Integer)
2018-05-07 11:19:17,327 [restartedMain] INFO  o.springframework.web.servlet.mvc.method.annotation.RequestMappingHandlerMapping - Mapped "{[/error]}" onto public org.springframework.http.ResponseEntity<java.util.Map<java.lang.String, java.lang.Object>> org.springframework.boot.autoconfigure.web.BasicErrorController.error(javax.servlet.http.HttpServletRequest)
2018-05-07 11:19:17,328 [restartedMain] INFO  o.springframework.web.servlet.mvc.method.annotation.RequestMappingHandlerMapping - Mapped "{[/error],produces=[text/html]}" onto public org.springframework.web.servlet.ModelAndView org.springframework.boot.autoconfigure.web.BasicErrorController.errorHtml(javax.servlet.http.HttpServletRequest,javax.servlet.http.HttpServletResponse)
2018-05-07 11:19:17,672 [restartedMain] INFO  org.springframework.web.servlet.handler.SimpleUrlHandlerMapping - Mapped URL path [/webjars/**] onto handler of type [class org.springframework.web.servlet.resource.ResourceHttpRequestHandler]
2018-05-07 11:19:17,673 [restartedMain] INFO  org.springframework.web.servlet.handler.SimpleUrlHandlerMapping - Mapped URL path [/**] onto handler of type [class org.springframework.web.servlet.resource.ResourceHttpRequestHandler]
2018-05-07 11:19:17,827 [restartedMain] INFO  org.springframework.web.servlet.handler.SimpleUrlHandlerMapping - Mapped URL path [/**/favicon.ico] onto handler of type [class org.springframework.web.servlet.resource.ResourceHttpRequestHandler]
2018-05-07 11:19:17,947 [restartedMain] WARN  o.s.boot.autoconfigure.thymeleaf.AbstractTemplateResolverConfiguration - Cannot find template location: classpath:/templates/ (please add some templates or check your Thymeleaf configuration)
2018-05-07 11:19:19,552 [restartedMain] INFO  org.springframework.boot.devtools.autoconfigure.OptionalLiveReloadServer - LiveReload server is running on port 35729
2018-05-07 11:19:19,817 [restartedMain] INFO  org.springframework.jmx.export.annotation.AnnotationMBeanExporter - Registering beans for JMX exposure on startup
2018-05-07 11:19:20,001 [restartedMain] INFO  org.springframework.boot.context.embedded.tomcat.TomcatEmbeddedServletContainer - Tomcat started on port(s): 8098 (http)
2018-05-07 11:19:20,012 [restartedMain] INFO  com.xqg.Application - Started Application in 16.002 seconds (JVM running for 21.632)
2018-05-07 11:24:15,727 [Thread-43] INFO  o.s.boot.context.embedded.AnnotationConfigEmbeddedWebApplicationContext - Closing org.springframework.boot.context.embedded.AnnotationConfigEmbeddedWebApplicationContext@4cf1c842: startup date [Mon May 07 11:19:07 CST 2018]; root of context hierarchy
2018-05-07 11:24:15,732 [Thread-43] INFO  org.springframework.jmx.export.annotation.AnnotationMBeanExporter - Unregistering JMX-exposed beans on shutdown
2018-05-07 11:24:22,314 [restartedMain] INFO  com.xqg.Application - Starting Application on HanxiaojiedeMacBook-Air.local with PID 9021 (/Users/hanxiaojie/Documents/GitHub/honglj/target/classes started by hanxiaojie in /Users/hanxiaojie/Documents/GitHub/honglj)
2018-05-07 11:24:22,317 [restartedMain] DEBUG com.xqg.Application - Running with Spring Boot v1.5.9.RELEASE, Spring v4.3.13.RELEASE
2018-05-07 11:24:22,318 [restartedMain] INFO  com.xqg.Application - The following profiles are active: dev
2018-05-07 11:24:22,743 [restartedMain] INFO  o.s.boot.context.embedded.AnnotationConfigEmbeddedWebApplicationContext - Refreshing org.springframework.boot.context.embedded.AnnotationConfigEmbeddedWebApplicationContext@50666f66: startup date [Mon May 07 11:24:22 CST 2018]; root of context hierarchy
2018-05-07 11:24:23,849 [restartedMain] WARN  org.mybatis.spring.mapper.ClassPathMapperScanner - No MyBatis mapper was found in '[com.xqg.mapper.*]' package. Please check your configuration.
2018-05-07 11:24:24,546 [restartedMain] INFO  o.s.context.support.PostProcessorRegistrationDelegate$BeanPostProcessorChecker - Bean 'validateConfig' of type [com.xqg.config.validate.ValidateConfig$$EnhancerBySpringCGLIB$$e8eecbd7] is not eligible for getting processed by all BeanPostProcessors (for example: not eligible for auto-proxying)
2018-05-07 11:24:25,953 [restartedMain] INFO  org.springframework.boot.context.embedded.tomcat.TomcatEmbeddedServletContainer - Tomcat initialized with port(s): 8098 (http)
2018-05-07 11:24:26,142 [localhost-startStop-1] INFO  org.springframework.web.context.ContextLoader - Root WebApplicationContext: initialization completed in 3399 ms
2018-05-07 11:24:26,519 [localhost-startStop-1] INFO  org.springframework.boot.web.servlet.ServletRegistrationBean - Mapping servlet: 'dispatcherServlet' to [/]
2018-05-07 11:24:26,527 [localhost-startStop-1] INFO  org.springframework.boot.web.servlet.FilterRegistrationBean - Mapping filter: 'characterEncodingFilter' to: [/*]
2018-05-07 11:24:26,528 [localhost-startStop-1] INFO  org.springframework.boot.web.servlet.FilterRegistrationBean - Mapping filter: 'hiddenHttpMethodFilter' to: [/*]
2018-05-07 11:24:26,528 [localhost-startStop-1] INFO  org.springframework.boot.web.servlet.FilterRegistrationBean - Mapping filter: 'httpPutFormContentFilter' to: [/*]
2018-05-07 11:24:26,528 [localhost-startStop-1] INFO  org.springframework.boot.web.servlet.FilterRegistrationBean - Mapping filter: 'requestContextFilter' to: [/*]
2018-05-07 11:24:28,385 [restartedMain] INFO  o.springframework.web.servlet.mvc.method.annotation.RequestMappingHandlerAdapter - Looking for @ControllerAdvice: org.springframework.boot.context.embedded.AnnotationConfigEmbeddedWebApplicationContext@50666f66: startup date [Mon May 07 11:24:22 CST 2018]; root of context hierarchy
2018-05-07 11:24:28,495 [restartedMain] INFO  o.springframework.web.servlet.mvc.method.annotation.RequestMappingHandlerMapping - Mapped "{[/delicacy/getDelicacy]}" onto public java.util.Map<java.lang.String, java.lang.Object> com.xqg.controller.DelicacyController.getDelicacy()
2018-05-07 11:24:28,498 [restartedMain] INFO  o.springframework.web.servlet.mvc.method.annotation.RequestMappingHandlerMapping - Mapped "{[/delicacy/addDelicacy]}" onto public java.util.Map<java.lang.String, java.lang.Object> com.xqg.controller.DelicacyController.addDelicacy(java.lang.Integer,java.lang.String,java.lang.String)
2018-05-07 11:24:28,499 [restartedMain] INFO  o.springframework.web.servlet.mvc.method.annotation.RequestMappingHandlerMapping - Mapped "{[/delicacy/deleteDelicacy]}" onto public java.util.Map<java.lang.String, java.lang.Object> com.xqg.controller.DelicacyController.deleteDelicacy(java.lang.Integer,java.lang.Integer)
2018-05-07 11:24:28,500 [restartedMain] INFO  o.springframework.web.servlet.mvc.method.annotation.RequestMappingHandlerMapping - Mapped "{[/delicacy/alterDelicacy]}" onto public java.util.Map<java.lang.String, java.lang.Object> com.xqg.controller.DelicacyController.alterDelicacy(java.lang.Integer,java.lang.Integer,java.lang.String,java.lang.String)
2018-05-07 11:24:28,502 [restartedMain] INFO  o.springframework.web.servlet.mvc.method.annotation.RequestMappingHandlerMapping - Mapped "{[/news/alterNews]}" onto public java.util.Map<java.lang.String, java.lang.Object> com.xqg.controller.NewsListController.addNews(java.lang.Integer,java.lang.String,java.lang.String)
2018-05-07 11:24:28,503 [restartedMain] INFO  o.springframework.web.servlet.mvc.method.annotation.RequestMappingHandlerMapping - Mapped "{[/news/addNews]}" onto public java.util.Map<java.lang.String, java.lang.Object> com.xqg.controller.NewsListController.addNews(java.lang.String,java.lang.String)
2018-05-07 11:24:28,504 [restartedMain] INFO  o.springframework.web.servlet.mvc.method.annotation.RequestMappingHandlerMapping - Mapped "{[/news/deleteNews]}" onto public java.util.Map<java.lang.String, java.lang.Object> com.xqg.controller.NewsListController.deleteNews(java.lang.Integer)
2018-05-07 11:24:28,505 [restartedMain] INFO  o.springframework.web.servlet.mvc.method.annotation.RequestMappingHandlerMapping - Mapped "{[/news/getNewsList]}" onto public java.util.Map<java.lang.String, java.lang.Object> com.xqg.controller.NewsListController.login(java.lang.Integer,java.lang.Integer)
2018-05-07 11:24:28,507 [restartedMain] INFO  o.springframework.web.servlet.mvc.method.annotation.RequestMappingHandlerMapping - Mapped "{[/user/register]}" onto public java.util.Map<java.lang.String, java.lang.Object> com.xqg.controller.UserController.register(java.lang.String,java.lang.String,java.lang.String)
2018-05-07 11:24:28,507 [restartedMain] INFO  o.springframework.web.servlet.mvc.method.annotation.RequestMappingHandlerMapping - Mapped "{[/user/alterPassword]}" onto public java.util.Map<java.lang.String, java.lang.Object> com.xqg.controller.UserController.alterPassword(java.lang.String,java.lang.String,java.lang.String)
2018-05-07 11:24:28,508 [restartedMain] INFO  o.springframework.web.servlet.mvc.method.annotation.RequestMappingHandlerMapping - Mapped "{[/user/getVerificationCode]}" onto public java.util.Map<java.lang.String, java.lang.Object> com.xqg.controller.UserController.getVerificationCode(java.lang.Integer)
2018-05-07 11:24:28,509 [restartedMain] INFO  o.springframework.web.servlet.mvc.method.annotation.RequestMappingHandlerMapping - Mapped "{[/user/login]}" onto public java.util.Map<java.lang.String, java.lang.Object> com.xqg.controller.UserController.login(java.lang.String,java.lang.String)
2018-05-07 11:24:28,510 [restartedMain] INFO  o.springframework.web.servlet.mvc.method.annotation.RequestMappingHandlerMapping - Mapped "{[/userInfo/alterUserInfo]}" onto public java.util.Map<java.lang.String, java.lang.Object> com.xqg.controller.UserInfoController.alterUserInfo(java.lang.Integer,java.lang.String,java.lang.Integer,java.lang.String,java.lang.String,java.lang.String)
2018-05-07 11:24:28,511 [restartedMain] INFO  o.springframework.web.servlet.mvc.method.annotation.RequestMappingHandlerMapping - Mapped "{[/userInfo/followUser]}" onto public java.util.Map<java.lang.String, java.lang.Object> com.xqg.controller.UserInfoController.followUser(java.lang.Integer,java.lang.Integer,java.lang.Integer)
2018-05-07 11:24:28,519 [restartedMain] INFO  o.springframework.web.servlet.mvc.method.annotation.RequestMappingHandlerMapping - Mapped "{[/video/getRecommendVideoList]}" onto public java.util.Map<java.lang.String, java.lang.Object> com.xqg.controller.VideoListController.getRecommendVideoList(java.lang.Integer)
2018-05-07 11:24:28,520 [restartedMain] INFO  o.springframework.web.servlet.mvc.method.annotation.RequestMappingHandlerMapping - Mapped "{[/video/getHotVideoList]}" onto public java.util.Map<java.lang.String, java.lang.Object> com.xqg.controller.VideoListController.getHotVideoList(java.lang.Integer)
2018-05-07 11:24:28,521 [restartedMain] INFO  o.springframework.web.servlet.mvc.method.annotation.RequestMappingHandlerMapping - Mapped "{[/video/getMyVideoList]}" onto public java.util.Map<java.lang.String, java.lang.Object> com.xqg.controller.VideoListController.getMyVideoList(java.lang.Integer,java.lang.Integer)
2018-05-07 11:24:28,522 [restartedMain] INFO  o.springframework.web.servlet.mvc.method.annotation.RequestMappingHandlerMapping - Mapped "{[/video/getFavoriteVideoList]}" onto public java.util.Map<java.lang.String, java.lang.Object> com.xqg.controller.VideoListController.getFavoriteVideoList(java.lang.Integer,java.lang.Integer)
2018-05-07 11:24:28,523 [restartedMain] INFO  o.springframework.web.servlet.mvc.method.annotation.RequestMappingHandlerMapping - Mapped "{[/video/uploadVideo]}" onto public java.util.Map<java.lang.String, java.lang.Object> com.xqg.controller.VideoListController.uploadVideo(java.lang.Integer,java.lang.String,java.lang.String,java.lang.String,java.lang.String)
2018-05-07 11:24:28,524 [restartedMain] INFO  o.springframework.web.servlet.mvc.method.annotation.RequestMappingHandlerMapping - Mapped "{[/video/deleteVideo]}" onto public java.util.Map<java.lang.String, java.lang.Object> com.xqg.controller.VideoListController.deleteVideo(java.lang.Integer,java.lang.Integer)
2018-05-07 11:24:28,525 [restartedMain] INFO  o.springframework.web.servlet.mvc.method.annotation.RequestMappingHandlerMapping - Mapped "{[/video/alterVideo]}" onto public java.util.Map<java.lang.String, java.lang.Object> com.xqg.controller.VideoListController.alterVideo(java.lang.Integer,java.lang.Integer,java.lang.String,java.lang.String,java.lang.String)
2018-05-07 11:24:28,525 [restartedMain] INFO  o.springframework.web.servlet.mvc.method.annotation.RequestMappingHandlerMapping - Mapped "{[/video/auditVideo]}" onto public java.util.Map<java.lang.String, java.lang.Object> com.xqg.controller.VideoListController.auditVideo(java.lang.Integer,java.lang.Integer,java.lang.Integer,java.lang.Integer)
2018-05-07 11:24:28,526 [restartedMain] INFO  o.springframework.web.servlet.mvc.method.annotation.RequestMappingHandlerMapping - Mapped "{[/video/praiseVideo]}" onto public java.util.Map<java.lang.String, java.lang.Object> com.xqg.controller.VideoListController.praiseVideo(java.lang.Integer,java.lang.Integer,java.lang.Integer)
2018-05-07 11:24:28,529 [restartedMain] INFO  o.springframework.web.servlet.mvc.method.annotation.RequestMappingHandlerMapping - Mapped "{[/error]}" onto public org.springframework.http.ResponseEntity<java.util.Map<java.lang.String, java.lang.Object>> org.springframework.boot.autoconfigure.web.BasicErrorController.error(javax.servlet.http.HttpServletRequest)
2018-05-07 11:24:28,530 [restartedMain] INFO  o.springframework.web.servlet.mvc.method.annotation.RequestMappingHandlerMapping - Mapped "{[/error],produces=[text/html]}" onto public org.springframework.web.servlet.ModelAndView org.springframework.boot.autoconfigure.web.BasicErrorController.errorHtml(javax.servlet.http.HttpServletRequest,javax.servlet.http.HttpServletResponse)
2018-05-07 11:24:28,648 [restartedMain] INFO  org.springframework.web.servlet.handler.SimpleUrlHandlerMapping - Mapped URL path [/webjars/**] onto handler of type [class org.springframework.web.servlet.resource.ResourceHttpRequestHandler]
2018-05-07 11:24:28,648 [restartedMain] INFO  org.springframework.web.servlet.handler.SimpleUrlHandlerMapping - Mapped URL path [/**] onto handler of type [class org.springframework.web.servlet.resource.ResourceHttpRequestHandler]
2018-05-07 11:24:28,778 [restartedMain] INFO  org.springframework.web.servlet.handler.SimpleUrlHandlerMapping - Mapped URL path [/**/favicon.ico] onto handler of type [class org.springframework.web.servlet.resource.ResourceHttpRequestHandler]
2018-05-07 11:24:28,900 [restartedMain] WARN  o.s.boot.autoconfigure.thymeleaf.AbstractTemplateResolverConfiguration - Cannot find template location: classpath:/templates/ (please add some templates or check your Thymeleaf configuration)
2018-05-07 11:24:29,782 [restartedMain] INFO  org.springframework.boot.devtools.autoconfigure.OptionalLiveReloadServer - LiveReload server is running on port 35729
2018-05-07 11:24:29,967 [restartedMain] INFO  org.springframework.jmx.export.annotation.AnnotationMBeanExporter - Registering beans for JMX exposure on startup
2018-05-07 11:24:30,085 [restartedMain] INFO  org.springframework.boot.context.embedded.tomcat.TomcatEmbeddedServletContainer - Tomcat started on port(s): 8098 (http)
2018-05-07 11:24:30,097 [restartedMain] INFO  com.xqg.Application - Started Application in 8.658 seconds (JVM running for 12.225)
2018-05-07 11:24:45,354 [Thread-29] INFO  o.s.boot.context.embedded.AnnotationConfigEmbeddedWebApplicationContext - Closing org.springframework.boot.context.embedded.AnnotationConfigEmbeddedWebApplicationContext@50666f66: startup date [Mon May 07 11:24:22 CST 2018]; root of context hierarchy
2018-05-07 11:24:45,360 [Thread-29] INFO  org.springframework.jmx.export.annotation.AnnotationMBeanExporter - Unregistering JMX-exposed beans on shutdown
2018-05-07 11:24:52,066 [restartedMain] INFO  com.xqg.Application - Starting Application on HanxiaojiedeMacBook-Air.local with PID 9026 (/Users/hanxiaojie/Documents/GitHub/honglj/target/classes started by hanxiaojie in /Users/hanxiaojie/Documents/GitHub/honglj)
2018-05-07 11:24:52,072 [restartedMain] DEBUG com.xqg.Application - Running with Spring Boot v1.5.9.RELEASE, Spring v4.3.13.RELEASE
2018-05-07 11:24:52,072 [restartedMain] INFO  com.xqg.Application - The following profiles are active: dev
2018-05-07 11:24:52,660 [restartedMain] INFO  o.s.boot.context.embedded.AnnotationConfigEmbeddedWebApplicationContext - Refreshing org.springframework.boot.context.embedded.AnnotationConfigEmbeddedWebApplicationContext@300da86d: startup date [Mon May 07 11:24:52 CST 2018]; root of context hierarchy
2018-05-07 11:24:53,504 [restartedMain] WARN  org.mybatis.spring.mapper.ClassPathMapperScanner - No MyBatis mapper was found in '[com.xqg.mapper.*]' package. Please check your configuration.
2018-05-07 11:24:54,182 [restartedMain] INFO  o.s.context.support.PostProcessorRegistrationDelegate$BeanPostProcessorChecker - Bean 'validateConfig' of type [com.xqg.config.validate.ValidateConfig$$EnhancerBySpringCGLIB$$cac86a17] is not eligible for getting processed by all BeanPostProcessors (for example: not eligible for auto-proxying)
2018-05-07 11:24:55,320 [restartedMain] INFO  org.springframework.boot.context.embedded.tomcat.TomcatEmbeddedServletContainer - Tomcat initialized with port(s): 8098 (http)
2018-05-07 11:24:55,437 [localhost-startStop-1] INFO  org.springframework.web.context.ContextLoader - Root WebApplicationContext: initialization completed in 2777 ms
2018-05-07 11:24:55,785 [localhost-startStop-1] INFO  org.springframework.boot.web.servlet.ServletRegistrationBean - Mapping servlet: 'dispatcherServlet' to [/]
2018-05-07 11:24:55,791 [localhost-startStop-1] INFO  org.springframework.boot.web.servlet.FilterRegistrationBean - Mapping filter: 'characterEncodingFilter' to: [/*]
2018-05-07 11:24:55,792 [localhost-startStop-1] INFO  org.springframework.boot.web.servlet.FilterRegistrationBean - Mapping filter: 'hiddenHttpMethodFilter' to: [/*]
2018-05-07 11:24:55,792 [localhost-startStop-1] INFO  org.springframework.boot.web.servlet.FilterRegistrationBean - Mapping filter: 'httpPutFormContentFilter' to: [/*]
2018-05-07 11:24:55,793 [localhost-startStop-1] INFO  org.springframework.boot.web.servlet.FilterRegistrationBean - Mapping filter: 'requestContextFilter' to: [/*]
2018-05-07 11:24:57,370 [restartedMain] INFO  o.springframework.web.servlet.mvc.method.annotation.RequestMappingHandlerAdapter - Looking for @ControllerAdvice: org.springframework.boot.context.embedded.AnnotationConfigEmbeddedWebApplicationContext@300da86d: startup date [Mon May 07 11:24:52 CST 2018]; root of context hierarchy
2018-05-07 11:24:57,496 [restartedMain] INFO  o.springframework.web.servlet.mvc.method.annotation.RequestMappingHandlerMapping - Mapped "{[/delicacy/getDelicacy]}" onto public java.util.Map<java.lang.String, java.lang.Object> com.xqg.controller.DelicacyController.getDelicacy()
2018-05-07 11:24:57,499 [restartedMain] INFO  o.springframework.web.servlet.mvc.method.annotation.RequestMappingHandlerMapping - Mapped "{[/delicacy/addDelicacy]}" onto public java.util.Map<java.lang.String, java.lang.Object> com.xqg.controller.DelicacyController.addDelicacy(java.lang.Integer,java.lang.String,java.lang.String)
2018-05-07 11:24:57,500 [restartedMain] INFO  o.springframework.web.servlet.mvc.method.annotation.RequestMappingHandlerMapping - Mapped "{[/delicacy/deleteDelicacy]}" onto public java.util.Map<java.lang.String, java.lang.Object> com.xqg.controller.DelicacyController.deleteDelicacy(java.lang.Integer,java.lang.Integer)
2018-05-07 11:24:57,501 [restartedMain] INFO  o.springframework.web.servlet.mvc.method.annotation.RequestMappingHandlerMapping - Mapped "{[/delicacy/alterDelicacy]}" onto public java.util.Map<java.lang.String, java.lang.Object> com.xqg.controller.DelicacyController.alterDelicacy(java.lang.Integer,java.lang.Integer,java.lang.String,java.lang.String)
2018-05-07 11:24:57,503 [restartedMain] INFO  o.springframework.web.servlet.mvc.method.annotation.RequestMappingHandlerMapping - Mapped "{[/news/alterNews]}" onto public java.util.Map<java.lang.String, java.lang.Object> com.xqg.controller.NewsListController.addNews(java.lang.Integer,java.lang.String,java.lang.String)
2018-05-07 11:24:57,504 [restartedMain] INFO  o.springframework.web.servlet.mvc.method.annotation.RequestMappingHandlerMapping - Mapped "{[/news/addNews]}" onto public java.util.Map<java.lang.String, java.lang.Object> com.xqg.controller.NewsListController.addNews(java.lang.String,java.lang.String)
2018-05-07 11:24:57,505 [restartedMain] INFO  o.springframework.web.servlet.mvc.method.annotation.RequestMappingHandlerMapping - Mapped "{[/news/getNewsList]}" onto public java.util.Map<java.lang.String, java.lang.Object> com.xqg.controller.NewsListController.login(java.lang.Integer,java.lang.Integer)
2018-05-07 11:24:57,506 [restartedMain] INFO  o.springframework.web.servlet.mvc.method.annotation.RequestMappingHandlerMapping - Mapped "{[/news/deleteNews]}" onto public java.util.Map<java.lang.String, java.lang.Object> com.xqg.controller.NewsListController.deleteNews(java.lang.Integer)
2018-05-07 11:24:57,508 [restartedMain] INFO  o.springframework.web.servlet.mvc.method.annotation.RequestMappingHandlerMapping - Mapped "{[/user/register]}" onto public java.util.Map<java.lang.String, java.lang.Object> com.xqg.controller.UserController.register(java.lang.String,java.lang.String,java.lang.String)
2018-05-07 11:24:57,509 [restartedMain] INFO  o.springframework.web.servlet.mvc.method.annotation.RequestMappingHandlerMapping - Mapped "{[/user/login]}" onto public java.util.Map<java.lang.String, java.lang.Object> com.xqg.controller.UserController.login(java.lang.String,java.lang.String)
2018-05-07 11:24:57,509 [restartedMain] INFO  o.springframework.web.servlet.mvc.method.annotation.RequestMappingHandlerMapping - Mapped "{[/user/alterPassword]}" onto public java.util.Map<java.lang.String, java.lang.Object> com.xqg.controller.UserController.alterPassword(java.lang.String,java.lang.String,java.lang.String)
2018-05-07 11:24:57,510 [restartedMain] INFO  o.springframework.web.servlet.mvc.method.annotation.RequestMappingHandlerMapping - Mapped "{[/user/getVerificationCode]}" onto public java.util.Map<java.lang.String, java.lang.Object> com.xqg.controller.UserController.getVerificationCode(java.lang.Integer)
2018-05-07 11:24:57,511 [restartedMain] INFO  o.springframework.web.servlet.mvc.method.annotation.RequestMappingHandlerMapping - Mapped "{[/userInfo/alterUserInfo]}" onto public java.util.Map<java.lang.String, java.lang.Object> com.xqg.controller.UserInfoController.alterUserInfo(java.lang.Integer,java.lang.String,java.lang.Integer,java.lang.String,java.lang.String,java.lang.String)
2018-05-07 11:24:57,512 [restartedMain] INFO  o.springframework.web.servlet.mvc.method.annotation.RequestMappingHandlerMapping - Mapped "{[/userInfo/followUser]}" onto public java.util.Map<java.lang.String, java.lang.Object> com.xqg.controller.UserInfoController.followUser(java.lang.Integer,java.lang.Integer,java.lang.Integer)
2018-05-07 11:24:57,521 [restartedMain] INFO  o.springframework.web.servlet.mvc.method.annotation.RequestMappingHandlerMapping - Mapped "{[/video/getRecommendVideoList]}" onto public java.util.Map<java.lang.String, java.lang.Object> com.xqg.controller.VideoListController.getRecommendVideoList(java.lang.Integer)
2018-05-07 11:24:57,521 [restartedMain] INFO  o.springframework.web.servlet.mvc.method.annotation.RequestMappingHandlerMapping - Mapped "{[/video/getHotVideoList]}" onto public java.util.Map<java.lang.String, java.lang.Object> com.xqg.controller.VideoListController.getHotVideoList(java.lang.Integer)
2018-05-07 11:24:57,522 [restartedMain] INFO  o.springframework.web.servlet.mvc.method.annotation.RequestMappingHandlerMapping - Mapped "{[/video/getMyVideoList]}" onto public java.util.Map<java.lang.String, java.lang.Object> com.xqg.controller.VideoListController.getMyVideoList(java.lang.Integer,java.lang.Integer)
2018-05-07 11:24:57,522 [restartedMain] INFO  o.springframework.web.servlet.mvc.method.annotation.RequestMappingHandlerMapping - Mapped "{[/video/getFavoriteVideoList]}" onto public java.util.Map<java.lang.String, java.lang.Object> com.xqg.controller.VideoListController.getFavoriteVideoList(java.lang.Integer,java.lang.Integer)
2018-05-07 11:24:57,523 [restartedMain] INFO  o.springframework.web.servlet.mvc.method.annotation.RequestMappingHandlerMapping - Mapped "{[/video/uploadVideo]}" onto public java.util.Map<java.lang.String, java.lang.Object> com.xqg.controller.VideoListController.uploadVideo(java.lang.Integer,java.lang.String,java.lang.String,java.lang.String,java.lang.String)
2018-05-07 11:24:57,523 [restartedMain] INFO  o.springframework.web.servlet.mvc.method.annotation.RequestMappingHandlerMapping - Mapped "{[/video/deleteVideo]}" onto public java.util.Map<java.lang.String, java.lang.Object> com.xqg.controller.VideoListController.deleteVideo(java.lang.Integer,java.lang.Integer)
2018-05-07 11:24:57,524 [restartedMain] INFO  o.springframework.web.servlet.mvc.method.annotation.RequestMappingHandlerMapping - Mapped "{[/video/alterVideo]}" onto public java.util.Map<java.lang.String, java.lang.Object> com.xqg.controller.VideoListController.alterVideo(java.lang.Integer,java.lang.Integer,java.lang.String,java.lang.String,java.lang.String)
2018-05-07 11:24:57,524 [restartedMain] INFO  o.springframework.web.servlet.mvc.method.annotation.RequestMappingHandlerMapping - Mapped "{[/video/auditVideo]}" onto public java.util.Map<java.lang.String, java.lang.Object> com.xqg.controller.VideoListController.auditVideo(java.lang.Integer,java.lang.Integer,java.lang.Integer,java.lang.Integer)
2018-05-07 11:24:57,525 [restartedMain] INFO  o.springframework.web.servlet.mvc.method.annotation.RequestMappingHandlerMapping - Mapped "{[/video/praiseVideo]}" onto public java.util.Map<java.lang.String, java.lang.Object> com.xqg.controller.VideoListController.praiseVideo(java.lang.Integer,java.lang.Integer,java.lang.Integer)
2018-05-07 11:24:57,529 [restartedMain] INFO  o.springframework.web.servlet.mvc.method.annotation.RequestMappingHandlerMapping - Mapped "{[/error]}" onto public org.springframework.http.ResponseEntity<java.util.Map<java.lang.String, java.lang.Object>> org.springframework.boot.autoconfigure.web.BasicErrorController.error(javax.servlet.http.HttpServletRequest)
2018-05-07 11:24:57,530 [restartedMain] INFO  o.springframework.web.servlet.mvc.method.annotation.RequestMappingHandlerMapping - Mapped "{[/error],produces=[text/html]}" onto public org.springframework.web.servlet.ModelAndView org.springframework.boot.autoconfigure.web.BasicErrorController.errorHtml(javax.servlet.http.HttpServletRequest,javax.servlet.http.HttpServletResponse)
2018-05-07 11:24:57,627 [restartedMain] INFO  org.springframework.web.servlet.handler.SimpleUrlHandlerMapping - Mapped URL path [/webjars/**] onto handler of type [class org.springframework.web.servlet.resource.ResourceHttpRequestHandler]
2018-05-07 11:24:57,628 [restartedMain] INFO  org.springframework.web.servlet.handler.SimpleUrlHandlerMapping - Mapped URL path [/**] onto handler of type [class org.springframework.web.servlet.resource.ResourceHttpRequestHandler]
2018-05-07 11:24:57,749 [restartedMain] INFO  org.springframework.web.servlet.handler.SimpleUrlHandlerMapping - Mapped URL path [/**/favicon.ico] onto handler of type [class org.springframework.web.servlet.resource.ResourceHttpRequestHandler]
2018-05-07 11:24:57,823 [restartedMain] WARN  o.s.boot.autoconfigure.thymeleaf.AbstractTemplateResolverConfiguration - Cannot find template location: classpath:/templates/ (please add some templates or check your Thymeleaf configuration)
2018-05-07 11:24:58,612 [restartedMain] INFO  org.springframework.boot.devtools.autoconfigure.OptionalLiveReloadServer - LiveReload server is running on port 35729
2018-05-07 11:24:58,760 [restartedMain] INFO  org.springframework.jmx.export.annotation.AnnotationMBeanExporter - Registering beans for JMX exposure on startup
2018-05-07 11:24:58,888 [restartedMain] INFO  org.springframework.boot.context.embedded.tomcat.TomcatEmbeddedServletContainer - Tomcat started on port(s): 8098 (http)
2018-05-07 11:24:58,898 [restartedMain] INFO  com.xqg.Application - Started Application in 7.754 seconds (JVM running for 9.588)
2018-05-07 11:25:36,024 [http-nio-8098-exec-2] INFO  org.springframework.web.servlet.DispatcherServlet - FrameworkServlet 'dispatcherServlet': initialization started
2018-05-07 11:25:36,071 [http-nio-8098-exec-2] INFO  org.springframework.web.servlet.DispatcherServlet - FrameworkServlet 'dispatcherServlet': initialization completed in 46 ms
2018-05-07 11:25:36,133 [http-nio-8098-exec-2] INFO  com.xqg.config.log.WebLogAspect - 请求URL : http://localhost:8098/HLJVideo/video/praiseVideo
2018-05-07 11:25:36,133 [http-nio-8098-exec-2] INFO  com.xqg.config.log.WebLogAspect - 请求HTTP_METHOD : GET
2018-05-07 11:25:36,138 [http-nio-8098-exec-2] INFO  com.xqg.config.log.WebLogAspect - 请求CLASS_METHOD : com.xqg.controller.VideoListController.praiseVideo
2018-05-07 11:25:36,138 [http-nio-8098-exec-2] INFO  com.xqg.config.log.WebLogAspect - 请求参数值 : [20, 24, 1]
2018-05-07 11:26:04,214 [Thread-26] INFO  o.s.boot.context.embedded.AnnotationConfigEmbeddedWebApplicationContext - Closing org.springframework.boot.context.embedded.AnnotationConfigEmbeddedWebApplicationContext@300da86d: startup date [Mon May 07 11:24:52 CST 2018]; root of context hierarchy
2018-05-07 11:26:04,233 [Thread-26] INFO  org.springframework.jmx.export.annotation.AnnotationMBeanExporter - Unregistering JMX-exposed beans on shutdown
2018-05-07 11:26:09,692 [restartedMain] INFO  com.xqg.Application - Starting Application on HanxiaojiedeMacBook-Air.local with PID 9031 (/Users/hanxiaojie/Documents/GitHub/honglj/target/classes started by hanxiaojie in /Users/hanxiaojie/Documents/GitHub/honglj)
2018-05-07 11:26:09,696 [restartedMain] DEBUG com.xqg.Application - Running with Spring Boot v1.5.9.RELEASE, Spring v4.3.13.RELEASE
2018-05-07 11:26:09,697 [restartedMain] INFO  com.xqg.Application - The following profiles are active: dev
2018-05-07 11:26:10,254 [restartedMain] INFO  o.s.boot.context.embedded.AnnotationConfigEmbeddedWebApplicationContext - Refreshing org.springframework.boot.context.embedded.AnnotationConfigEmbeddedWebApplicationContext@75e14b05: startup date [Mon May 07 11:26:10 CST 2018]; root of context hierarchy
2018-05-07 11:26:11,082 [restartedMain] WARN  org.mybatis.spring.mapper.ClassPathMapperScanner - No MyBatis mapper was found in '[com.xqg.mapper.*]' package. Please check your configuration.
2018-05-07 11:26:11,791 [restartedMain] INFO  o.s.context.support.PostProcessorRegistrationDelegate$BeanPostProcessorChecker - Bean 'validateConfig' of type [com.xqg.config.validate.ValidateConfig$$EnhancerBySpringCGLIB$$68d78ad5] is not eligible for getting processed by all BeanPostProcessors (for example: not eligible for auto-proxying)
2018-05-07 11:26:12,888 [restartedMain] INFO  org.springframework.boot.context.embedded.tomcat.TomcatEmbeddedServletContainer - Tomcat initialized with port(s): 8098 (http)
2018-05-07 11:26:12,993 [localhost-startStop-1] INFO  org.springframework.web.context.ContextLoader - Root WebApplicationContext: initialization completed in 2739 ms
2018-05-07 11:26:13,340 [localhost-startStop-1] INFO  org.springframework.boot.web.servlet.ServletRegistrationBean - Mapping servlet: 'dispatcherServlet' to [/]
2018-05-07 11:26:13,347 [localhost-startStop-1] INFO  org.springframework.boot.web.servlet.FilterRegistrationBean - Mapping filter: 'characterEncodingFilter' to: [/*]
2018-05-07 11:26:13,348 [localhost-startStop-1] INFO  org.springframework.boot.web.servlet.FilterRegistrationBean - Mapping filter: 'hiddenHttpMethodFilter' to: [/*]
2018-05-07 11:26:13,348 [localhost-startStop-1] INFO  org.springframework.boot.web.servlet.FilterRegistrationBean - Mapping filter: 'httpPutFormContentFilter' to: [/*]
2018-05-07 11:26:13,349 [localhost-startStop-1] INFO  org.springframework.boot.web.servlet.FilterRegistrationBean - Mapping filter: 'requestContextFilter' to: [/*]
2018-05-07 11:26:14,951 [restartedMain] INFO  o.springframework.web.servlet.mvc.method.annotation.RequestMappingHandlerAdapter - Looking for @ControllerAdvice: org.springframework.boot.context.embedded.AnnotationConfigEmbeddedWebApplicationContext@75e14b05: startup date [Mon May 07 11:26:10 CST 2018]; root of context hierarchy
2018-05-07 11:26:15,091 [restartedMain] INFO  o.springframework.web.servlet.mvc.method.annotation.RequestMappingHandlerMapping - Mapped "{[/delicacy/getDelicacy]}" onto public java.util.Map<java.lang.String, java.lang.Object> com.xqg.controller.DelicacyController.getDelicacy()
2018-05-07 11:26:15,096 [restartedMain] INFO  o.springframework.web.servlet.mvc.method.annotation.RequestMappingHandlerMapping - Mapped "{[/delicacy/addDelicacy]}" onto public java.util.Map<java.lang.String, java.lang.Object> com.xqg.controller.DelicacyController.addDelicacy(java.lang.Integer,java.lang.String,java.lang.String)
2018-05-07 11:26:15,097 [restartedMain] INFO  o.springframework.web.servlet.mvc.method.annotation.RequestMappingHandlerMapping - Mapped "{[/delicacy/deleteDelicacy]}" onto public java.util.Map<java.lang.String, java.lang.Object> com.xqg.controller.DelicacyController.deleteDelicacy(java.lang.Integer,java.lang.Integer)
2018-05-07 11:26:15,098 [restartedMain] INFO  o.springframework.web.servlet.mvc.method.annotation.RequestMappingHandlerMapping - Mapped "{[/delicacy/alterDelicacy]}" onto public java.util.Map<java.lang.String, java.lang.Object> com.xqg.controller.DelicacyController.alterDelicacy(java.lang.Integer,java.lang.Integer,java.lang.String,java.lang.String)
2018-05-07 11:26:15,101 [restartedMain] INFO  o.springframework.web.servlet.mvc.method.annotation.RequestMappingHandlerMapping - Mapped "{[/news/getNewsList]}" onto public java.util.Map<java.lang.String, java.lang.Object> com.xqg.controller.NewsListController.login(java.lang.Integer,java.lang.Integer)
2018-05-07 11:26:15,102 [restartedMain] INFO  o.springframework.web.servlet.mvc.method.annotation.RequestMappingHandlerMapping - Mapped "{[/news/alterNews]}" onto public java.util.Map<java.lang.String, java.lang.Object> com.xqg.controller.NewsListController.addNews(java.lang.Integer,java.lang.String,java.lang.String)
2018-05-07 11:26:15,103 [restartedMain] INFO  o.springframework.web.servlet.mvc.method.annotation.RequestMappingHandlerMapping - Mapped "{[/news/addNews]}" onto public java.util.Map<java.lang.String, java.lang.Object> com.xqg.controller.NewsListController.addNews(java.lang.String,java.lang.String)
2018-05-07 11:26:15,104 [restartedMain] INFO  o.springframework.web.servlet.mvc.method.annotation.RequestMappingHandlerMapping - Mapped "{[/news/deleteNews]}" onto public java.util.Map<java.lang.String, java.lang.Object> com.xqg.controller.NewsListController.deleteNews(java.lang.Integer)
2018-05-07 11:26:15,106 [restartedMain] INFO  o.springframework.web.servlet.mvc.method.annotation.RequestMappingHandlerMapping - Mapped "{[/user/register]}" onto public java.util.Map<java.lang.String, java.lang.Object> com.xqg.controller.UserController.register(java.lang.String,java.lang.String,java.lang.String)
2018-05-07 11:26:15,108 [restartedMain] INFO  o.springframework.web.servlet.mvc.method.annotation.RequestMappingHandlerMapping - Mapped "{[/user/login]}" onto public java.util.Map<java.lang.String, java.lang.Object> com.xqg.controller.UserController.login(java.lang.String,java.lang.String)
2018-05-07 11:26:15,108 [restartedMain] INFO  o.springframework.web.servlet.mvc.method.annotation.RequestMappingHandlerMapping - Mapped "{[/user/alterPassword]}" onto public java.util.Map<java.lang.String, java.lang.Object> com.xqg.controller.UserController.alterPassword(java.lang.String,java.lang.String,java.lang.String)
2018-05-07 11:26:15,109 [restartedMain] INFO  o.springframework.web.servlet.mvc.method.annotation.RequestMappingHandlerMapping - Mapped "{[/user/getVerificationCode]}" onto public java.util.Map<java.lang.String, java.lang.Object> com.xqg.controller.UserController.getVerificationCode(java.lang.Integer)
2018-05-07 11:26:15,111 [restartedMain] INFO  o.springframework.web.servlet.mvc.method.annotation.RequestMappingHandlerMapping - Mapped "{[/userInfo/alterUserInfo]}" onto public java.util.Map<java.lang.String, java.lang.Object> com.xqg.controller.UserInfoController.alterUserInfo(java.lang.Integer,java.lang.String,java.lang.Integer,java.lang.String,java.lang.String,java.lang.String)
2018-05-07 11:26:15,113 [restartedMain] INFO  o.springframework.web.servlet.mvc.method.annotation.RequestMappingHandlerMapping - Mapped "{[/userInfo/followUser]}" onto public java.util.Map<java.lang.String, java.lang.Object> com.xqg.controller.UserInfoController.followUser(java.lang.Integer,java.lang.Integer,java.lang.Integer)
2018-05-07 11:26:15,125 [restartedMain] INFO  o.springframework.web.servlet.mvc.method.annotation.RequestMappingHandlerMapping - Mapped "{[/video/getRecommendVideoList]}" onto public java.util.Map<java.lang.String, java.lang.Object> com.xqg.controller.VideoListController.getRecommendVideoList(java.lang.Integer)
2018-05-07 11:26:15,126 [restartedMain] INFO  o.springframework.web.servlet.mvc.method.annotation.RequestMappingHandlerMapping - Mapped "{[/video/getHotVideoList]}" onto public java.util.Map<java.lang.String, java.lang.Object> com.xqg.controller.VideoListController.getHotVideoList(java.lang.Integer)
2018-05-07 11:26:15,127 [restartedMain] INFO  o.springframework.web.servlet.mvc.method.annotation.RequestMappingHandlerMapping - Mapped "{[/video/getMyVideoList]}" onto public java.util.Map<java.lang.String, java.lang.Object> com.xqg.controller.VideoListController.getMyVideoList(java.lang.Integer,java.lang.Integer)
2018-05-07 11:26:15,127 [restartedMain] INFO  o.springframework.web.servlet.mvc.method.annotation.RequestMappingHandlerMapping - Mapped "{[/video/getFavoriteVideoList]}" onto public java.util.Map<java.lang.String, java.lang.Object> com.xqg.controller.VideoListController.getFavoriteVideoList(java.lang.Integer,java.lang.Integer)
2018-05-07 11:26:15,128 [restartedMain] INFO  o.springframework.web.servlet.mvc.method.annotation.RequestMappingHandlerMapping - Mapped "{[/video/uploadVideo]}" onto public java.util.Map<java.lang.String, java.lang.Object> com.xqg.controller.VideoListController.uploadVideo(java.lang.Integer,java.lang.String,java.lang.String,java.lang.String,java.lang.String)
2018-05-07 11:26:15,128 [restartedMain] INFO  o.springframework.web.servlet.mvc.method.annotation.RequestMappingHandlerMapping - Mapped "{[/video/deleteVideo]}" onto public java.util.Map<java.lang.String, java.lang.Object> com.xqg.controller.VideoListController.deleteVideo(java.lang.Integer,java.lang.Integer)
2018-05-07 11:26:15,129 [restartedMain] INFO  o.springframework.web.servlet.mvc.method.annotation.RequestMappingHandlerMapping - Mapped "{[/video/alterVideo]}" onto public java.util.Map<java.lang.String, java.lang.Object> com.xqg.controller.VideoListController.alterVideo(java.lang.Integer,java.lang.Integer,java.lang.String,java.lang.String,java.lang.String)
2018-05-07 11:26:15,129 [restartedMain] INFO  o.springframework.web.servlet.mvc.method.annotation.RequestMappingHandlerMapping - Mapped "{[/video/auditVideo]}" onto public java.util.Map<java.lang.String, java.lang.Object> com.xqg.controller.VideoListController.auditVideo(java.lang.Integer,java.lang.Integer,java.lang.Integer,java.lang.Integer)
2018-05-07 11:26:15,130 [restartedMain] INFO  o.springframework.web.servlet.mvc.method.annotation.RequestMappingHandlerMapping - Mapped "{[/video/praiseVideo]}" onto public java.util.Map<java.lang.String, java.lang.Object> com.xqg.controller.VideoListController.praiseVideo(java.lang.Integer,java.lang.Integer,java.lang.Integer)
2018-05-07 11:26:15,133 [restartedMain] INFO  o.springframework.web.servlet.mvc.method.annotation.RequestMappingHandlerMapping - Mapped "{[/error]}" onto public org.springframework.http.ResponseEntity<java.util.Map<java.lang.String, java.lang.Object>> org.springframework.boot.autoconfigure.web.BasicErrorController.error(javax.servlet.http.HttpServletRequest)
2018-05-07 11:26:15,134 [restartedMain] INFO  o.springframework.web.servlet.mvc.method.annotation.RequestMappingHandlerMapping - Mapped "{[/error],produces=[text/html]}" onto public org.springframework.web.servlet.ModelAndView org.springframework.boot.autoconfigure.web.BasicErrorController.errorHtml(javax.servlet.http.HttpServletRequest,javax.servlet.http.HttpServletResponse)
2018-05-07 11:26:15,265 [restartedMain] INFO  org.springframework.web.servlet.handler.SimpleUrlHandlerMapping - Mapped URL path [/webjars/**] onto handler of type [class org.springframework.web.servlet.resource.ResourceHttpRequestHandler]
2018-05-07 11:26:15,265 [restartedMain] INFO  org.springframework.web.servlet.handler.SimpleUrlHandlerMapping - Mapped URL path [/**] onto handler of type [class org.springframework.web.servlet.resource.ResourceHttpRequestHandler]
2018-05-07 11:26:15,364 [restartedMain] INFO  org.springframework.web.servlet.handler.SimpleUrlHandlerMapping - Mapped URL path [/**/favicon.ico] onto handler of type [class org.springframework.web.servlet.resource.ResourceHttpRequestHandler]
2018-05-07 11:26:15,460 [restartedMain] WARN  o.s.boot.autoconfigure.thymeleaf.AbstractTemplateResolverConfiguration - Cannot find template location: classpath:/templates/ (please add some templates or check your Thymeleaf configuration)
2018-05-07 11:26:16,310 [restartedMain] INFO  org.springframework.boot.devtools.autoconfigure.OptionalLiveReloadServer - LiveReload server is running on port 35729
2018-05-07 11:26:16,481 [restartedMain] INFO  org.springframework.jmx.export.annotation.AnnotationMBeanExporter - Registering beans for JMX exposure on startup
2018-05-07 11:26:16,594 [restartedMain] INFO  org.springframework.boot.context.embedded.tomcat.TomcatEmbeddedServletContainer - Tomcat started on port(s): 8098 (http)
2018-05-07 11:26:16,602 [restartedMain] INFO  com.xqg.Application - Started Application in 7.681 seconds (JVM running for 10.688)
2018-05-07 11:26:23,244 [http-nio-8098-exec-1] INFO  org.springframework.web.servlet.DispatcherServlet - FrameworkServlet 'dispatcherServlet': initialization started
2018-05-07 11:26:23,278 [http-nio-8098-exec-1] INFO  org.springframework.web.servlet.DispatcherServlet - FrameworkServlet 'dispatcherServlet': initialization completed in 34 ms
2018-05-07 11:26:23,318 [http-nio-8098-exec-1] INFO  com.xqg.config.log.WebLogAspect - 请求URL : http://localhost:8098/HLJVideo/video/praiseVideo
2018-05-07 11:26:23,318 [http-nio-8098-exec-1] INFO  com.xqg.config.log.WebLogAspect - 请求HTTP_METHOD : GET
2018-05-07 11:26:23,320 [http-nio-8098-exec-1] INFO  com.xqg.config.log.WebLogAspect - 请求CLASS_METHOD : com.xqg.controller.VideoListController.praiseVideo
2018-05-07 11:26:23,320 [http-nio-8098-exec-1] INFO  com.xqg.config.log.WebLogAspect - 请求参数值 : [20, 24, 1]
2018-05-07 11:26:24,348 [http-nio-8098-exec-1] INFO  com.alibaba.druid.pool.DruidDataSource - {dataSource-1} inited
2018-05-07 11:26:24,399 [http-nio-8098-exec-1] DEBUG com.xqg.mapper.VideoMapper.getPraiseVideo - ==>  Preparing: select v.id,v.userId,v.videoId,v.createDate from video_favorite_list v where v.userId = ? and v.videoId = ?; 
2018-05-07 11:26:24,663 [http-nio-8098-exec-1] DEBUG com.xqg.mapper.VideoMapper.getPraiseVideo - ==> Parameters: 20(Integer), 24(Integer)
2018-05-07 11:26:24,713 [http-nio-8098-exec-1] DEBUG com.xqg.mapper.VideoMapper.getPraiseVideo - <==      Total: 0
2018-05-07 11:26:24,716 [http-nio-8098-exec-1] DEBUG com.xqg.mapper.VideoMapper.praiseVideo - ==>  Preparing: insert into video_favorite_list (userId, videoId, createDate ) values ( ?, ?,now() ); 
2018-05-07 11:26:24,723 [http-nio-8098-exec-1] DEBUG com.xqg.mapper.VideoMapper.praiseVideo - ==> Parameters: 20(Integer), 24(Integer)
2018-05-07 11:26:24,823 [http-nio-8098-exec-1] DEBUG com.xqg.mapper.VideoMapper.praiseVideo - <==    Updates: 1
2018-05-07 11:26:24,826 [http-nio-8098-exec-1] INFO  com.xqg.config.log.WebLogAspect - 响应RESPONSE : {data=null, message=success, status=1, timestamp=Mon May 07 11:26:24 CST 2018}
2018-05-07 11:26:24,827 [http-nio-8098-exec-1] INFO  com.xqg.config.log.WebLogAspect - 响应时间SPEND TIME : 1510
2018-05-07 11:26:47,044 [http-nio-8098-exec-3] INFO  com.xqg.config.log.WebLogAspect - 请求URL : http://localhost:8098/HLJVideo/video/praiseVideo
2018-05-07 11:26:47,046 [http-nio-8098-exec-3] INFO  com.xqg.config.log.WebLogAspect - 请求HTTP_METHOD : GET
2018-05-07 11:26:47,046 [http-nio-8098-exec-3] INFO  com.xqg.config.log.WebLogAspect - 请求CLASS_METHOD : com.xqg.controller.VideoListController.praiseVideo
2018-05-07 11:26:47,046 [http-nio-8098-exec-3] INFO  com.xqg.config.log.WebLogAspect - 请求参数值 : [20, 24, 1]
2018-05-07 11:26:47,047 [http-nio-8098-exec-3] DEBUG com.xqg.mapper.VideoMapper.getPraiseVideo - ==>  Preparing: select v.id,v.userId,v.videoId,v.createDate from video_favorite_list v where v.userId = ? and v.videoId = ?; 
2018-05-07 11:26:47,048 [http-nio-8098-exec-3] DEBUG com.xqg.mapper.VideoMapper.getPraiseVideo - ==> Parameters: 20(Integer), 24(Integer)
2018-05-07 11:26:47,055 [http-nio-8098-exec-3] DEBUG com.xqg.mapper.VideoMapper.getPraiseVideo - <==      Total: 1
2018-05-07 11:26:47,055 [http-nio-8098-exec-3] INFO  com.xqg.config.log.WebLogAspect - 响应RESPONSE : {data=null, message=success, status=1, timestamp=Mon May 07 11:26:47 CST 2018}
2018-05-07 11:26:47,056 [http-nio-8098-exec-3] INFO  com.xqg.config.log.WebLogAspect - 响应时间SPEND TIME : 12
2018-05-07 11:26:58,437 [http-nio-8098-exec-4] INFO  com.xqg.config.log.WebLogAspect - 请求URL : http://localhost:8098/HLJVideo/video/praiseVideo
2018-05-07 11:26:58,437 [http-nio-8098-exec-4] INFO  com.xqg.config.log.WebLogAspect - 请求HTTP_METHOD : GET
2018-05-07 11:26:58,437 [http-nio-8098-exec-4] INFO  com.xqg.config.log.WebLogAspect - 请求CLASS_METHOD : com.xqg.controller.VideoListController.praiseVideo
2018-05-07 11:26:58,437 [http-nio-8098-exec-4] INFO  com.xqg.config.log.WebLogAspect - 请求参数值 : [20, 24, 0]
2018-05-07 11:26:58,438 [http-nio-8098-exec-4] DEBUG com.xqg.mapper.VideoMapper.unPraiseVideo - ==>  Preparing: delete from video_favorite_list where video_favorite_list.userId = ? and video_favorite_list.videoId = ?; 
2018-05-07 11:26:58,445 [http-nio-8098-exec-4] DEBUG com.xqg.mapper.VideoMapper.unPraiseVideo - ==> Parameters: 20(Integer), 24(Integer)
2018-05-07 11:26:58,469 [http-nio-8098-exec-4] DEBUG com.xqg.mapper.VideoMapper.unPraiseVideo - <==    Updates: 1
2018-05-07 11:26:58,470 [http-nio-8098-exec-4] INFO  com.xqg.config.log.WebLogAspect - 响应RESPONSE : {data=null, message=已取消, status=1, timestamp=Mon May 07 11:26:58 CST 2018}
2018-05-07 11:26:58,470 [http-nio-8098-exec-4] INFO  com.xqg.config.log.WebLogAspect - 响应时间SPEND TIME : 33
2018-05-07 11:27:00,745 [http-nio-8098-exec-5] INFO  com.xqg.config.log.WebLogAspect - 请求URL : http://localhost:8098/HLJVideo/video/praiseVideo
2018-05-07 11:27:00,746 [http-nio-8098-exec-5] INFO  com.xqg.config.log.WebLogAspect - 请求HTTP_METHOD : GET
2018-05-07 11:27:00,746 [http-nio-8098-exec-5] INFO  com.xqg.config.log.WebLogAspect - 请求CLASS_METHOD : com.xqg.controller.VideoListController.praiseVideo
2018-05-07 11:27:00,747 [http-nio-8098-exec-5] INFO  com.xqg.config.log.WebLogAspect - 请求参数值 : [20, 24, 0]
2018-05-07 11:27:00,747 [http-nio-8098-exec-5] DEBUG com.xqg.mapper.VideoMapper.unPraiseVideo - ==>  Preparing: delete from video_favorite_list where video_favorite_list.userId = ? and video_favorite_list.videoId = ?; 
2018-05-07 11:27:00,748 [http-nio-8098-exec-5] DEBUG com.xqg.mapper.VideoMapper.unPraiseVideo - ==> Parameters: 20(Integer), 24(Integer)
2018-05-07 11:27:00,752 [http-nio-8098-exec-5] DEBUG com.xqg.mapper.VideoMapper.unPraiseVideo - <==    Updates: 0
2018-05-07 11:27:00,752 [http-nio-8098-exec-5] INFO  com.xqg.config.log.WebLogAspect - 响应RESPONSE : {data=null, message=已取消, status=1, timestamp=Mon May 07 11:27:00 CST 2018}
2018-05-07 11:27:00,752 [http-nio-8098-exec-5] INFO  com.xqg.config.log.WebLogAspect - 响应时间SPEND TIME : 7
2018-05-07 11:27:02,167 [http-nio-8098-exec-6] INFO  com.xqg.config.log.WebLogAspect - 请求URL : http://localhost:8098/HLJVideo/video/praiseVideo
2018-05-07 11:27:02,168 [http-nio-8098-exec-6] INFO  com.xqg.config.log.WebLogAspect - 请求HTTP_METHOD : GET
2018-05-07 11:27:02,168 [http-nio-8098-exec-6] INFO  com.xqg.config.log.WebLogAspect - 请求CLASS_METHOD : com.xqg.controller.VideoListController.praiseVideo
2018-05-07 11:27:02,168 [http-nio-8098-exec-6] INFO  com.xqg.config.log.WebLogAspect - 请求参数值 : [20, 24, 0]
2018-05-07 11:27:02,169 [http-nio-8098-exec-6] DEBUG com.xqg.mapper.VideoMapper.unPraiseVideo - ==>  Preparing: delete from video_favorite_list where video_favorite_list.userId = ? and video_favorite_list.videoId = ?; 
2018-05-07 11:27:02,169 [http-nio-8098-exec-6] DEBUG com.xqg.mapper.VideoMapper.unPraiseVideo - ==> Parameters: 20(Integer), 24(Integer)
2018-05-07 11:27:02,175 [http-nio-8098-exec-6] DEBUG com.xqg.mapper.VideoMapper.unPraiseVideo - <==    Updates: 0
2018-05-07 11:27:02,175 [http-nio-8098-exec-6] INFO  com.xqg.config.log.WebLogAspect - 响应RESPONSE : {data=null, message=已取消, status=1, timestamp=Mon May 07 11:27:02 CST 2018}
2018-05-07 11:27:02,176 [http-nio-8098-exec-6] INFO  com.xqg.config.log.WebLogAspect - 响应时间SPEND TIME : 9
2018-05-07 11:27:13,404 [http-nio-8098-exec-7] INFO  com.xqg.config.log.WebLogAspect - 请求URL : http://localhost:8098/HLJVideo/video/praiseVideo
2018-05-07 11:27:13,404 [http-nio-8098-exec-7] INFO  com.xqg.config.log.WebLogAspect - 请求HTTP_METHOD : GET
2018-05-07 11:27:13,404 [http-nio-8098-exec-7] INFO  com.xqg.config.log.WebLogAspect - 请求CLASS_METHOD : com.xqg.controller.VideoListController.praiseVideo
2018-05-07 11:27:13,404 [http-nio-8098-exec-7] INFO  com.xqg.config.log.WebLogAspect - 请求参数值 : [20, 24, 1]
2018-05-07 11:27:13,407 [http-nio-8098-exec-7] DEBUG com.xqg.mapper.VideoMapper.getPraiseVideo - ==>  Preparing: select v.id,v.userId,v.videoId,v.createDate from video_favorite_list v where v.userId = ? and v.videoId = ?; 
2018-05-07 11:27:13,407 [http-nio-8098-exec-7] DEBUG com.xqg.mapper.VideoMapper.getPraiseVideo - ==> Parameters: 20(Integer), 24(Integer)
2018-05-07 11:27:13,412 [http-nio-8098-exec-7] DEBUG com.xqg.mapper.VideoMapper.getPraiseVideo - <==      Total: 0
2018-05-07 11:27:13,414 [http-nio-8098-exec-7] DEBUG com.xqg.mapper.VideoMapper.praiseVideo - ==>  Preparing: insert into video_favorite_list (userId, videoId, createDate ) values ( ?, ?,now() ); 
2018-05-07 11:27:13,415 [http-nio-8098-exec-7] DEBUG com.xqg.mapper.VideoMapper.praiseVideo - ==> Parameters: 20(Integer), 24(Integer)
2018-05-07 11:27:13,440 [http-nio-8098-exec-7] DEBUG com.xqg.mapper.VideoMapper.praiseVideo - <==    Updates: 1
2018-05-07 11:27:13,440 [http-nio-8098-exec-7] INFO  com.xqg.config.log.WebLogAspect - 响应RESPONSE : {data=null, message=success, status=1, timestamp=Mon May 07 11:27:13 CST 2018}
2018-05-07 11:27:13,441 [http-nio-8098-exec-7] INFO  com.xqg.config.log.WebLogAspect - 响应时间SPEND TIME : 37
2018-05-07 11:27:15,624 [http-nio-8098-exec-8] INFO  com.xqg.config.log.WebLogAspect - 请求URL : http://localhost:8098/HLJVideo/video/praiseVideo
2018-05-07 11:27:15,624 [http-nio-8098-exec-8] INFO  com.xqg.config.log.WebLogAspect - 请求HTTP_METHOD : GET
2018-05-07 11:27:15,624 [http-nio-8098-exec-8] INFO  com.xqg.config.log.WebLogAspect - 请求CLASS_METHOD : com.xqg.controller.VideoListController.praiseVideo
2018-05-07 11:27:15,624 [http-nio-8098-exec-8] INFO  com.xqg.config.log.WebLogAspect - 请求参数值 : [20, 24, 1]
2018-05-07 11:27:15,625 [http-nio-8098-exec-8] DEBUG com.xqg.mapper.VideoMapper.getPraiseVideo - ==>  Preparing: select v.id,v.userId,v.videoId,v.createDate from video_favorite_list v where v.userId = ? and v.videoId = ?; 
2018-05-07 11:27:15,626 [http-nio-8098-exec-8] DEBUG com.xqg.mapper.VideoMapper.getPraiseVideo - ==> Parameters: 20(Integer), 24(Integer)
2018-05-07 11:27:15,633 [http-nio-8098-exec-8] DEBUG com.xqg.mapper.VideoMapper.getPraiseVideo - <==      Total: 1
2018-05-07 11:27:15,634 [http-nio-8098-exec-8] INFO  com.xqg.config.log.WebLogAspect - 响应RESPONSE : {data=null, message=success, status=1, timestamp=Mon May 07 11:27:15 CST 2018}
2018-05-07 11:27:15,634 [http-nio-8098-exec-8] INFO  com.xqg.config.log.WebLogAspect - 响应时间SPEND TIME : 10
